<?xml version="1.0" encoding="UTF-8"?>
<testsuite name="sales.app.server.service.salesboundedcontext.sales.BrandTestCase" tests="6" skipped="0" failures="0" errors="0" timestamp="2016-05-26T13:48:50" hostname="c34d2a165d2f" time="0.485">
  <properties/>
  <testcase name="test1Save" classname="sales.app.server.service.salesboundedcontext.sales.BrandTestCase" time="0.201"/>
  <testcase name="test2Update" classname="sales.app.server.service.salesboundedcontext.sales.BrandTestCase" time="0.092"/>
  <testcase name="test3FindById" classname="sales.app.server.service.salesboundedcontext.sales.BrandTestCase" time="0.013"/>
  <testcase name="test3findBycategoryId" classname="sales.app.server.service.salesboundedcontext.sales.BrandTestCase" time="0.013"/>
  <testcase name="test5NegativeTesting" classname="sales.app.server.service.salesboundedcontext.sales.BrandTestCase" time="0.014"/>
  <testcase name="test6Delete" classname="sales.app.server.service.salesboundedcontext.sales.BrandTestCase" time="0.149"/>
  <system-out><![CDATA[Thu May 26 13:48:50 UTC 2016|Log Manager Factory|Initialization Process started.....
Thu May 26 13:48:50 UTC 2016|Log Manager|Initialized with Path = [/home/applifire/workspace/salesdemo/src/main/webapp/WEB-INF/conf]
Thu May 26 13:48:50 UTC 2016|Alarm Manager|Initialized with Path = [/home/applifire/workspace/salesdemo/src/main/webapp/WEB-INF/conf]
Thu May 26 13:48:50 UTC 2016|Alarm Manager|Loading Alarms ......
Thu May 26 13:48:50 UTC 2016|Alarm XML Parser|FWA|XML Parsing Complete........ 
Thu May 26 13:48:50 UTC 2016|Alarm File Manager|FWA|Alarm File Status.. [ApplicationFrameworkAlarms.xml]|Version=15|Status=Done 
Thu May 26 13:48:50 UTC 2016|Alarm File Manager|FWA|Alarm Stats = ( BC/AL=4/539 SYS=4/10 [539/0]  TPL=0/0 [0/0]  APP= A.Map=[620]  E.Map EC/RC=[4/0] )
Thu May 26 13:48:50 UTC 2016|Alarm XML Parser|APP|XML Parsing Complete........ 
Thu May 26 13:48:50 UTC 2016|Alarm File Manager|APP|Alarm File Status.. [ApplicationAlarms.xml]|Version=1|Status=Done 
Thu May 26 13:48:50 UTC 2016|Alarm File Manager|APP|Alarm Stats = ( BC/AL=5/620 SYS=4/10 [539/0]  TPL=0/0 [0/0]  APP=1/1 [81/0]  A.Map=[701]  E.Map EC/RC=[53/11] )
Thu May 26 13:48:50 UTC 2016|ApplicationAlarmContext| <><><><><> Create App Alarms ....  <><><><><> 
Thu May 26 13:48:50 UTC 2016|ApplicationAlarmContext|Alarms are generated ONLY in Development Mode.. 
Thu May 26 13:48:50 UTC 2016|Alarm Manager|APP|Alarm Stats = ( BC/AL=5/620 SYS=4/10 [539/0]  TPL=0/0 [0/0]  APP=1/1 [81/0]  A.Map=[701]  E.Map EC/RC=[53/11] )
Thu May 26 13:48:50 UTC 2016|Alarm Manager|Initialized Exception Lookup...
Thu May 26 13:48:50 UTC 2016|Log Manager|Initialize Log Config File ......
Thu May 26 13:48:50 UTC 2016|Pluggable Connectors|Adding Connectors : StandardOutputConnector isEnabled=true isDefault=false isFallBack=true
Thu May 26 13:48:50 UTC 2016|Pluggable Connectors|Adding Connectors : StandardFileConnector isEnabled=true isDefault=false isFallBack=false
Thu May 26 13:48:50 UTC 2016|Pluggable Connectors|Adding Connectors : Sprinkler isEnabled=true isDefault=true isFallBack=false
Thu May 26 13:48:50 UTC 2016|Pluggable Connectors|Default Connector Name : com.spartan.logger.core.LogMessenger
Thu May 26 13:48:50 UTC 2016|Log Config Parser|Connector Least Log Level =[4]  FallBack Log Level =[3]
Thu May 26 13:48:50 UTC 2016|Log Manager|Loading Default Connector for Logging ......
Thu May 26 13:48:50 UTC 2016|Log Manager|Loading class .. com.spartan.logger.core.LogMessenger
Thu May 26 13:48:50 UTC 2016|Plugggable Connector|Connector class com.spartan.logger.core.LogMessenger Initialized... @ Log Level = 3
Thu May 26 13:48:50 UTC 2016|Log Manager|Starting the Default Connector [com.spartan.logger.core.LogMessenger@25d3c81a] ....
Thu May 26 13:48:50 UTC 2016|Scheduler|Starting the Scheduler ......
Thu May 26 13:48:50 UTC 2016|Scheduler|Adding [LMID=[5cff4d6b-b32a-4dba-8138-a9e085bee91e]] Delay=5 Time Unit=MINUTES
Thu May 26 13:48:50 UTC 2016|Scheduler|Adding [App Alarm Manager File=[ApplicationAlarms.xml]] Delay=30 Time Unit=MINUTES
Thu May 26 13:48:50 UTC 2016|Scheduler|Adding [FW Alarm Manager File=[ApplicationFrameworkAlarms.xml]] Delay=3 Time Unit=MINUTES
Thu May 26 13:48:50 UTC 2016|Scheduler|Startup Completed..
Thu May 26 13:48:50 UTC 2016|Log Manager|Initialization Process Complete ......
Thu May 26 13:48:50 UTC 2016|Log Manager Factory|Log Manager READY! ID = 5cff4d6b-b32a-4dba-8138-a9e085bee91e
[EL Fine]: sql: 2016-05-26 13:48:51.025--ClientSession(579377132)--Connection(1058182435)--Thread(Thread[Test worker,5,main])--INSERT INTO ast_Category_M (categoryId, categoryInformation, versionId, createdBy, createdDate, updatedBy, updatedDate, activeStatus, txnAccessCode) VALUES (?, ?, ?, ?, ?, ?, ?, ?, ?)
	bind => [1A5DFDA9-083B-4295-AE1E-6C730838F008, 3Xu4zcXXb8jeAe5zntDJCaB2ja9iuF7pD9uYkxIOzfb0CPmVZI, 1, AAAAA, 2016-05-26 13:48:51.021, AAAAA, 2016-05-26 13:48:51.021, 1, 51000]
Setting logged in user info for ADD
[EL Fine]: sql: 2016-05-26 13:48:51.117--ClientSession(525247914)--Connection(1058182435)--Thread(Thread[Test worker,5,main])--INSERT INTO ast_Brand_M (brandcode, branddesc, categoryId, versionId, createdBy, createdDate, updatedBy, updatedDate, activeStatus, txnAccessCode) VALUES (?, ?, ?, ?, ?, ?, ?, ?, ?, ?)
	bind => [932A6254-8230-4150-A28D-6720C3D64596, H9Txx42daEJZgL7Y1GC5EKXPy5Qpu8y5BFcuvzhggWJm4CaATV, 1A5DFDA9-083B-4295-AE1E-6C730838F008, 1, AAAAA, 2016-05-26 13:48:51.112, AAAAA, 2016-05-26 13:48:51.112, 1, 51000]
[EL Fine]: sql: 2016-05-26 13:48:51.197--ClientSession(290971922)--Connection(1058182435)--Thread(Thread[Test worker,5,main])--SELECT brandcode, branddesc, categoryId, versionId, createdBy, createdDate, updatedBy, updatedDate, activeStatus, txnAccessCode FROM ast_Brand_M WHERE ((activeStatus = ?) AND (brandcode = ?))
	bind => [1, 932A6254-8230-4150-A28D-6720C3D64596]
Setting logged in user info for UPDATE
[EL Fine]: sql: 2016-05-26 13:48:51.204--ClientSession(81113606)--Connection(1058182435)--Thread(Thread[Test worker,5,main])--SELECT brandcode, branddesc, categoryId, versionId, createdBy, createdDate, updatedBy, updatedDate, activeStatus, txnAccessCode FROM ast_Brand_M WHERE (brandcode = ?)
	bind => [932A6254-8230-4150-A28D-6720C3D64596]
[EL Fine]: sql: 2016-05-26 13:48:51.206--ClientSession(81113606)--Connection(1058182435)--Thread(Thread[Test worker,5,main])--UPDATE ast_Brand_M SET branddesc = ?, versionId = ? WHERE ((brandcode = ?) AND (versionId = ?))
	bind => [gZjCyslicTMJLXJRNsV74fceegF6IUcFNvPXrfrinFcaZgDUwX, 2, 932A6254-8230-4150-A28D-6720C3D64596, 1]
[EL Fine]: sql: 2016-05-26 13:48:51.29--ClientSession(1381359505)--Connection(1058182435)--Thread(Thread[Test worker,5,main])--SELECT brandcode, branddesc, categoryId, versionId, createdBy, createdDate, updatedBy, updatedDate, activeStatus, txnAccessCode FROM ast_Brand_M WHERE ((activeStatus = ?) AND (brandcode = ?))
	bind => [1, 932A6254-8230-4150-A28D-6720C3D64596]
[EL Fine]: sql: 2016-05-26 13:48:51.304--ClientSession(2134173934)--Connection(1058182435)--Thread(Thread[Test worker,5,main])--SELECT brandcode, branddesc, categoryId, versionId, createdBy, createdDate, updatedBy, updatedDate, activeStatus, txnAccessCode FROM ast_Brand_M WHERE ((activeStatus = ?) AND (categoryId = ?))
	bind => [1, 1A5DFDA9-083B-4295-AE1E-6C730838F008]
[EL Fine]: sql: 2016-05-26 13:48:51.33--ClientSession(1153689353)--Connection(1058182435)--Thread(Thread[Test worker,5,main])--SELECT brandcode, branddesc, categoryId, versionId, createdBy, createdDate, updatedBy, updatedDate, activeStatus, txnAccessCode FROM ast_Brand_M WHERE (brandcode = ?)
	bind => [932A6254-8230-4150-A28D-6720C3D64596]
[EL Fine]: sql: 2016-05-26 13:48:51.332--ClientSession(1153689353)--Connection(1058182435)--Thread(Thread[Test worker,5,main])--DELETE FROM ast_Brand_M WHERE ((brandcode = ?) AND (versionId = ?))
	bind => [932A6254-8230-4150-A28D-6720C3D64596, 2]
[EL Fine]: sql: 2016-05-26 13:48:51.389--ClientSession(1465490425)--Connection(1058182435)--Thread(Thread[Test worker,5,main])--SELECT categoryId, categoryInformation, versionId, createdBy, createdDate, updatedBy, updatedDate, activeStatus, txnAccessCode FROM ast_Category_M WHERE (categoryId = ?)
	bind => [1A5DFDA9-083B-4295-AE1E-6C730838F008]
[EL Fine]: sql: 2016-05-26 13:48:51.391--ClientSession(1465490425)--Connection(1058182435)--Thread(Thread[Test worker,5,main])--DELETE FROM ast_Category_M WHERE ((categoryId = ?) AND (versionId = ?))
	bind => [1A5DFDA9-083B-4295-AE1E-6C730838F008, 1]
]]></system-out>
  <system-err><![CDATA[Brand.branddesc may not be null
java.lang.SecurityException: Brand.branddesc may not be null
	at com.athena.server.pluggable.utils.helper.EntityValidatorHelper.validateEntity(EntityValidatorHelper.java:37)
	at sales.app.shared.salesboundedcontext.sales.Brand.isValid(Brand.java:148)
	at sales.app.server.service.salesboundedcontext.sales.BrandTestCase.validateBrand(BrandTestCase.java:204)
	at sales.app.server.service.salesboundedcontext.sales.BrandTestCase.test5NegativeTesting(BrandTestCase.java:235)
	at sun.reflect.NativeMethodAccessorImpl.invoke0(Native Method)
	at sun.reflect.NativeMethodAccessorImpl.invoke(NativeMethodAccessorImpl.java:57)
	at sun.reflect.DelegatingMethodAccessorImpl.invoke(DelegatingMethodAccessorImpl.java:43)
	at java.lang.reflect.Method.invoke(Method.java:606)
	at org.junit.runners.model.FrameworkMethod$1.runReflectiveCall(FrameworkMethod.java:47)
	at org.junit.internal.runners.model.ReflectiveCallable.run(ReflectiveCallable.java:12)
	at org.junit.runners.model.FrameworkMethod.invokeExplosively(FrameworkMethod.java:44)
	at org.junit.internal.runners.statements.InvokeMethod.evaluate(InvokeMethod.java:17)
	at org.junit.internal.runners.statements.RunBefores.evaluate(RunBefores.java:26)
	at org.springframework.test.context.junit4.statements.RunBeforeTestMethodCallbacks.evaluate(RunBeforeTestMethodCallbacks.java:74)
	at org.junit.internal.runners.statements.RunAfters.evaluate(RunAfters.java:27)
	at org.springframework.test.context.junit4.statements.RunAfterTestMethodCallbacks.evaluate(RunAfterTestMethodCallbacks.java:83)
	at org.springframework.test.context.junit4.statements.SpringRepeat.evaluate(SpringRepeat.java:72)
	at org.springframework.test.context.junit4.SpringJUnit4ClassRunner.runChild(SpringJUnit4ClassRunner.java:233)
	at org.springframework.test.context.junit4.SpringJUnit4ClassRunner.runChild(SpringJUnit4ClassRunner.java:87)
	at org.junit.runners.ParentRunner$3.run(ParentRunner.java:238)
	at org.junit.runners.ParentRunner$1.schedule(ParentRunner.java:63)
	at org.junit.runners.ParentRunner.runChildren(ParentRunner.java:236)
	at org.junit.runners.ParentRunner.access$000(ParentRunner.java:53)
	at org.junit.runners.ParentRunner$2.evaluate(ParentRunner.java:229)
	at org.junit.internal.runners.statements.RunBefores.evaluate(RunBefores.java:26)
	at org.springframework.test.context.junit4.statements.RunBeforeTestClassCallbacks.evaluate(RunBeforeTestClassCallbacks.java:61)
	at org.springframework.test.context.junit4.statements.RunAfterTestClassCallbacks.evaluate(RunAfterTestClassCallbacks.java:71)
	at org.junit.runners.ParentRunner.run(ParentRunner.java:309)
	at org.springframework.test.context.junit4.SpringJUnit4ClassRunner.run(SpringJUnit4ClassRunner.java:176)
	at org.gradle.api.internal.tasks.testing.junit.JUnitTestClassExecuter.runTestClass(JUnitTestClassExecuter.java:86)
	at org.gradle.api.internal.tasks.testing.junit.JUnitTestClassExecuter.execute(JUnitTestClassExecuter.java:49)
	at org.gradle.api.internal.tasks.testing.junit.JUnitTestClassProcessor.processTestClass(JUnitTestClassProcessor.java:64)
	at org.gradle.api.internal.tasks.testing.SuiteTestClassProcessor.processTestClass(SuiteTestClassProcessor.java:50)
	at sun.reflect.NativeMethodAccessorImpl.invoke0(Native Method)
	at sun.reflect.NativeMethodAccessorImpl.invoke(NativeMethodAccessorImpl.java:57)
	at sun.reflect.DelegatingMethodAccessorImpl.invoke(DelegatingMethodAccessorImpl.java:43)
	at java.lang.reflect.Method.invoke(Method.java:606)
	at org.gradle.messaging.dispatch.ReflectionDispatch.dispatch(ReflectionDispatch.java:35)
	at org.gradle.messaging.dispatch.ReflectionDispatch.dispatch(ReflectionDispatch.java:24)
	at org.gradle.messaging.dispatch.ContextClassLoaderDispatch.dispatch(ContextClassLoaderDispatch.java:32)
	at org.gradle.messaging.dispatch.ProxyDispatchAdapter$DispatchingInvocationHandler.invoke(ProxyDispatchAdapter.java:93)
	at com.sun.proxy.$Proxy2.processTestClass(Unknown Source)
	at org.gradle.api.internal.tasks.testing.worker.TestWorker.processTestClass(TestWorker.java:106)
	at sun.reflect.NativeMethodAccessorImpl.invoke0(Native Method)
	at sun.reflect.NativeMethodAccessorImpl.invoke(NativeMethodAccessorImpl.java:57)
	at sun.reflect.DelegatingMethodAccessorImpl.invoke(DelegatingMethodAccessorImpl.java:43)
	at java.lang.reflect.Method.invoke(Method.java:606)
	at org.gradle.messaging.dispatch.ReflectionDispatch.dispatch(ReflectionDispatch.java:35)
	at org.gradle.messaging.dispatch.ReflectionDispatch.dispatch(ReflectionDispatch.java:24)
	at org.gradle.messaging.remote.internal.hub.MessageHub$Handler.run(MessageHub.java:360)
	at org.gradle.internal.concurrent.DefaultExecutorFactory$StoppableExecutorImpl$1.run(DefaultExecutorFactory.java:64)
	at java.util.concurrent.ThreadPoolExecutor.runWorker(ThreadPoolExecutor.java:1145)
	at java.util.concurrent.ThreadPoolExecutor$Worker.run(ThreadPoolExecutor.java:615)
	at java.lang.Thread.run(Thread.java:745)
Brand.branddesc size must be between 0 and 64
java.lang.SecurityException: Brand.branddesc size must be between 0 and 64
	at com.athena.server.pluggable.utils.helper.EntityValidatorHelper.validateEntity(EntityValidatorHelper.java:37)
	at sales.app.shared.salesboundedcontext.sales.Brand.isValid(Brand.java:148)
	at sales.app.server.service.salesboundedcontext.sales.BrandTestCase.validateBrand(BrandTestCase.java:202)
	at sales.app.server.service.salesboundedcontext.sales.BrandTestCase.test5NegativeTesting(BrandTestCase.java:240)
	at sun.reflect.NativeMethodAccessorImpl.invoke0(Native Method)
	at sun.reflect.NativeMethodAccessorImpl.invoke(NativeMethodAccessorImpl.java:57)
	at sun.reflect.DelegatingMethodAccessorImpl.invoke(DelegatingMethodAccessorImpl.java:43)
	at java.lang.reflect.Method.invoke(Method.java:606)
	at org.junit.runners.model.FrameworkMethod$1.runReflectiveCall(FrameworkMethod.java:47)
	at org.junit.internal.runners.model.ReflectiveCallable.run(ReflectiveCallable.java:12)
	at org.junit.runners.model.FrameworkMethod.invokeExplosively(FrameworkMethod.java:44)
	at org.junit.internal.runners.statements.InvokeMethod.evaluate(InvokeMethod.java:17)
	at org.junit.internal.runners.statements.RunBefores.evaluate(RunBefores.java:26)
	at org.springframework.test.context.junit4.statements.RunBeforeTestMethodCallbacks.evaluate(RunBeforeTestMethodCallbacks.java:74)
	at org.junit.internal.runners.statements.RunAfters.evaluate(RunAfters.java:27)
	at org.springframework.test.context.junit4.statements.RunAfterTestMethodCallbacks.evaluate(RunAfterTestMethodCallbacks.java:83)
	at org.springframework.test.context.junit4.statements.SpringRepeat.evaluate(SpringRepeat.java:72)
	at org.springframework.test.context.junit4.SpringJUnit4ClassRunner.runChild(SpringJUnit4ClassRunner.java:233)
	at org.springframework.test.context.junit4.SpringJUnit4ClassRunner.runChild(SpringJUnit4ClassRunner.java:87)
	at org.junit.runners.ParentRunner$3.run(ParentRunner.java:238)
	at org.junit.runners.ParentRunner$1.schedule(ParentRunner.java:63)
	at org.junit.runners.ParentRunner.runChildren(ParentRunner.java:236)
	at org.junit.runners.ParentRunner.access$000(ParentRunner.java:53)
	at org.junit.runners.ParentRunner$2.evaluate(ParentRunner.java:229)
	at org.junit.internal.runners.statements.RunBefores.evaluate(RunBefores.java:26)
	at org.springframework.test.context.junit4.statements.RunBeforeTestClassCallbacks.evaluate(RunBeforeTestClassCallbacks.java:61)
	at org.springframework.test.context.junit4.statements.RunAfterTestClassCallbacks.evaluate(RunAfterTestClassCallbacks.java:71)
	at org.junit.runners.ParentRunner.run(ParentRunner.java:309)
	at org.springframework.test.context.junit4.SpringJUnit4ClassRunner.run(SpringJUnit4ClassRunner.java:176)
	at org.gradle.api.internal.tasks.testing.junit.JUnitTestClassExecuter.runTestClass(JUnitTestClassExecuter.java:86)
	at org.gradle.api.internal.tasks.testing.junit.JUnitTestClassExecuter.execute(JUnitTestClassExecuter.java:49)
	at org.gradle.api.internal.tasks.testing.junit.JUnitTestClassProcessor.processTestClass(JUnitTestClassProcessor.java:64)
	at org.gradle.api.internal.tasks.testing.SuiteTestClassProcessor.processTestClass(SuiteTestClassProcessor.java:50)
	at sun.reflect.NativeMethodAccessorImpl.invoke0(Native Method)
	at sun.reflect.NativeMethodAccessorImpl.invoke(NativeMethodAccessorImpl.java:57)
	at sun.reflect.DelegatingMethodAccessorImpl.invoke(DelegatingMethodAccessorImpl.java:43)
	at java.lang.reflect.Method.invoke(Method.java:606)
	at org.gradle.messaging.dispatch.ReflectionDispatch.dispatch(ReflectionDispatch.java:35)
	at org.gradle.messaging.dispatch.ReflectionDispatch.dispatch(ReflectionDispatch.java:24)
	at org.gradle.messaging.dispatch.ContextClassLoaderDispatch.dispatch(ContextClassLoaderDispatch.java:32)
	at org.gradle.messaging.dispatch.ProxyDispatchAdapter$DispatchingInvocationHandler.invoke(ProxyDispatchAdapter.java:93)
	at com.sun.proxy.$Proxy2.processTestClass(Unknown Source)
	at org.gradle.api.internal.tasks.testing.worker.TestWorker.processTestClass(TestWorker.java:106)
	at sun.reflect.NativeMethodAccessorImpl.invoke0(Native Method)
	at sun.reflect.NativeMethodAccessorImpl.invoke(NativeMethodAccessorImpl.java:57)
	at sun.reflect.DelegatingMethodAccessorImpl.invoke(DelegatingMethodAccessorImpl.java:43)
	at java.lang.reflect.Method.invoke(Method.java:606)
	at org.gradle.messaging.dispatch.ReflectionDispatch.dispatch(ReflectionDispatch.java:35)
	at org.gradle.messaging.dispatch.ReflectionDispatch.dispatch(ReflectionDispatch.java:24)
	at org.gradle.messaging.remote.internal.hub.MessageHub$Handler.run(MessageHub.java:360)
	at org.gradle.internal.concurrent.DefaultExecutorFactory$StoppableExecutorImpl$1.run(DefaultExecutorFactory.java:64)
	at java.util.concurrent.ThreadPoolExecutor.runWorker(ThreadPoolExecutor.java:1145)
	at java.util.concurrent.ThreadPoolExecutor$Worker.run(ThreadPoolExecutor.java:615)
	at java.lang.Thread.run(Thread.java:745)
]]></system-err>
</testsuite>
